Flutter crash report; please file at https://github.com/flutter/flutter/issues.

## command

flutter run -d all

## exception

ProcessException: ProcessException: Process "/Users/laura/Documents/in-app-payments-flutter-plugin/example/android/gradlew" exited abnormally:
env: bash\r: No such file or directory
  Command: /Users/laura/Documents/in-app-payments-flutter-plugin/example/android/gradlew -v

```
#0      runCheckedAsync (package:flutter_tools/src/base/process.dart:259:7)
<asynchronous suspension>
#1      _initializeGradle (package:flutter_tools/src/android/gradle.dart:225:9)
<asynchronous suspension>
#2      _ensureGradle (package:flutter_tools/src/android/gradle.dart:206:37)
<asynchronous suspension>
#3      _readGradleProject (package:flutter_tools/src/android/gradle.dart:134:31)
<asynchronous suspension>
#4      _gradleProject (package:flutter_tools/src/android/gradle.dart:111:34)
<asynchronous suspension>
#5      getGradleAppOut (package:flutter_tools/src/android/gradle.dart:105:29)
<asynchronous suspension>
#6      AndroidApk.fromAndroidProject (package:flutter_tools/src/application_package.dart:160:23)
<asynchronous suspension>
#7      ApplicationPackageFactory.getPackageForPlatform (package:flutter_tools/src/application_package.dart:47:32)
<asynchronous suspension>
#8      FlutterDevice.runHot (package:flutter_tools/src/resident_runner.dart:352:56)
<asynchronous suspension>
#9      HotRunner.run (package:flutter_tools/src/run_hot.dart:251:39)
<asynchronous suspension>
#10     RunCommand.runCommand (package:flutter_tools/src/commands/run.dart:469:37)
<asynchronous suspension>
#11     FlutterCommand.verifyThenRunCommand (package:flutter_tools/src/runner/flutter_command.dart:478:18)
<asynchronous suspension>
#12     FlutterCommand.run.<anonymous closure> (package:flutter_tools/src/runner/flutter_command.dart:383:33)
<asynchronous suspension>
#13     AppContext.run.<anonymous closure> (package:flutter_tools/src/base/context.dart:153:29)
<asynchronous suspension>
#14     _rootRun (dart:async/zone.dart:1124:13)
#15     _CustomZone.run (dart:async/zone.dart:1021:19)
#16     _runZoned (dart:async/zone.dart:1516:10)
#17     runZoned (dart:async/zone.dart:1463:12)
#18     AppContext.run (package:flutter_tools/src/base/context.dart:152:18)
<asynchronous suspension>
#19     FlutterCommand.run (package:flutter_tools/src/runner/flutter_command.dart:375:20)
#20     CommandRunner.runCommand (package:args/command_runner.dart:197:27)
<asynchronous suspension>
#21     FlutterCommandRunner.runCommand.<anonymous closure> (package:flutter_tools/src/runner/flutter_command_runner.dart:396:21)
<asynchronous suspension>
#22     AppContext.run.<anonymous closure> (package:flutter_tools/src/base/context.dart:153:29)
<asynchronous suspension>
#23     _rootRun (dart:async/zone.dart:1124:13)
#24     _CustomZone.run (dart:async/zone.dart:1021:19)
#25     _runZoned (dart:async/zone.dart:1516:10)
#26     runZoned (dart:async/zone.dart:1463:12)
#27     AppContext.run (package:flutter_tools/src/base/context.dart:152:18)
<asynchronous suspension>
#28     FlutterCommandRunner.runCommand (package:flutter_tools/src/runner/flutter_command_runner.dart:356:19)
<asynchronous suspension>
#29     CommandRunner.run.<anonymous closure> (package:args/command_runner.dart:112:25)
#30     new Future.sync (dart:async/future.dart:224:31)
#31     CommandRunner.run (package:args/command_runner.dart:112:14)
#32     FlutterCommandRunner.run (package:flutter_tools/src/runner/flutter_command_runner.dart:242:18)
#33     run.<anonymous closure>.<anonymous closure> (package:flutter_tools/runner.dart:62:22)
<asynchronous suspension>
#34     _rootRun (dart:async/zone.dart:1124:13)
#35     _CustomZone.run (dart:async/zone.dart:1021:19)
#36     _runZoned (dart:async/zone.dart:1516:10)
#37     runZoned (dart:async/zone.dart:1500:12)
#38     run.<anonymous closure> (package:flutter_tools/runner.dart:60:18)
<asynchronous suspension>
#39     AppContext.run.<anonymous closure> (package:flutter_tools/src/base/context.dart:153:29)
<asynchronous suspension>
#40     _rootRun (dart:async/zone.dart:1124:13)
#41     _CustomZone.run (dart:async/zone.dart:1021:19)
#42     _runZoned (dart:async/zone.dart:1516:10)
#43     runZoned (dart:async/zone.dart:1463:12)
#44     AppContext.run (package:flutter_tools/src/base/context.dart:152:18)
<asynchronous suspension>
#45     runInContext (package:flutter_tools/src/context_runner.dart:56:24)
<asynchronous suspension>
#46     run (package:flutter_tools/runner.dart:51:10)
#47     main (package:flutter_tools/executable.dart:62:9)
<asynchronous suspension>
#48     main (file:///Users/laura/Documents/flutter/packages/flutter_tools/bin/flutter_tools.dart:8:3)
#49     _startIsolate.<anonymous closure> (dart:isolate-patch/isolate_patch.dart:299:32)
#50     _RawReceivePortImpl._handleMessage (dart:isolate-patch/isolate_patch.dart:172:12)
```

## flutter doctor

```
[32m[✓][39m Flutter (Channel stable, v1.7.8+hotfix.4, on Mac OS X 10.14.5 18F132, locale
    en-US)
    [32m•[39m Flutter version 1.7.8+hotfix.4 at /Users/laura/Documents/flutter
    [32m•[39m Framework revision 20e59316b8 (2 weeks ago), 2019-07-18 20:04:33 -0700
    [32m•[39m Engine revision fee001c93f
    [32m•[39m Dart version 2.4.0

[32m[✓][39m Android toolchain - develop for Android devices (Android SDK version 29.0.0)
    [32m•[39m Android SDK at /Users/laura/Library/Android/sdk
    [32m•[39m Android NDK location not configured (optional; useful for native profiling
      support)
    [32m•[39m Platform android-29, build-tools 29.0.0
    [32m•[39m Java binary at: /Applications/Android
      Studio.app/Contents/jre/jdk/Contents/Home/bin/java
    [32m•[39m Java version OpenJDK Runtime Environment (build
      1.8.0_152-release-1343-b01)
    [32m•[39m All Android licenses accepted.

[32m[✓][39m Xcode - develop for iOS and macOS (Xcode 10.2.1)
    [32m•[39m Xcode at /Applications/Xcode.app/Contents/Developer
    [32m•[39m Xcode 10.2.1, Build version 10E1001
    [32m•[39m CocoaPods version 1.7.5

[32m[✓][39m iOS tools - develop for iOS devices
    [32m•[39m ios-deploy 1.9.4

[32m[✓][39m Android Studio (version 3.4)
    [32m•[39m Android Studio at /Applications/Android Studio.app/Contents
    [32m•[39m Flutter plugin version 37.0.1
    [32m•[39m Dart plugin version 183.6270
    [32m•[39m Java version OpenJDK Runtime Environment (build
      1.8.0_152-release-1343-b01)

[32m[✓][39m Connected device (2 available)
    [32m•[39m Redmi 5 Plus • 03a834f89905                         • android-arm64 •
      Android 8.1.0 (API 27)
    [32m•[39m iPhone Xʀ    • FAAA093E-3CA0-417E-B827-CD6CEB15AB5D • ios           •
      com.apple.CoreSimulator.SimRuntime.iOS-12-2 (simulator)

[32m•[39m No issues found!
```
